ARM GAS  C:\Users\TRIPHE~1\AppData\Local\Temp\ccYiZbQ8.s 			page 1


   1              		.syntax unified
   2              		.cpu cortex-m3
   3              		.fpu softvfp
   4              		.eabi_attribute 20, 1
   5              		.eabi_attribute 21, 1
   6              		.eabi_attribute 23, 3
   7              		.eabi_attribute 24, 1
   8              		.eabi_attribute 25, 1
   9              		.eabi_attribute 26, 1
  10              		.eabi_attribute 30, 1
  11              		.eabi_attribute 34, 1
  12              		.eabi_attribute 18, 4
  13              		.thumb
  14              		.file	"Reflectance.c"
  15              		.text
  16              	.Ltext0:
  17              		.cfi_sections	.debug_frame
  18              		.section	.text.sensor_isr_handler,"ax",%progbits
  19              		.align	2
  20              		.global	sensor_isr_handler
  21              		.thumb
  22              		.thumb_func
  23              		.type	sensor_isr_handler, %function
  24              	sensor_isr_handler:
  25              	.LFB63:
  26              		.file 1 "ZumoLibrary\\Reflectance.c"
   1:ZumoLibrary/Reflectance.c **** /**
   2:ZumoLibrary/Reflectance.c ****  * @file    Reflectance.c
   3:ZumoLibrary/Reflectance.c ****  * @brief   Basic methods for operating reflectance sensor. For more details, please refer to Refle
   4:ZumoLibrary/Reflectance.c ****  * @details included in Zumo shield
   5:ZumoLibrary/Reflectance.c **** */
   6:ZumoLibrary/Reflectance.c **** #include <project.h>
   7:ZumoLibrary/Reflectance.c **** #include <stdio.h>
   8:ZumoLibrary/Reflectance.c **** 
   9:ZumoLibrary/Reflectance.c **** #include "Reflectance.h"
  10:ZumoLibrary/Reflectance.c **** 
  11:ZumoLibrary/Reflectance.c **** static volatile struct sensors_ sensors;
  12:ZumoLibrary/Reflectance.c **** static volatile struct sensors_  digital_sensor_value;
  13:ZumoLibrary/Reflectance.c **** static struct sensors_ threshold = { 15000, 15000, 15000, 15000};
  14:ZumoLibrary/Reflectance.c **** 
  15:ZumoLibrary/Reflectance.c **** /**
  16:ZumoLibrary/Reflectance.c **** * @brief    Reflectance Sensor Interrupt Handler
  17:ZumoLibrary/Reflectance.c **** * @details  Measuring each sensors' time to recognition of white or black
  18:ZumoLibrary/Reflectance.c **** */
  19:ZumoLibrary/Reflectance.c **** CY_ISR(sensor_isr_handler)
  20:ZumoLibrary/Reflectance.c **** {
  27              		.loc 1 20 0
  28              		.cfi_startproc
  29              		@ args = 0, pretend = 0, frame = 0
  30              		@ frame_needed = 0, uses_anonymous_args = 0
  31 0000 F8B5     		push	{r3, r4, r5, r6, r7, lr}
  32              		.cfi_def_cfa_offset 24
  33              		.cfi_offset 3, -24
  34              		.cfi_offset 4, -20
  35              		.cfi_offset 5, -16
  36              		.cfi_offset 6, -12
  37              		.cfi_offset 7, -8
ARM GAS  C:\Users\TRIPHE~1\AppData\Local\Temp\ccYiZbQ8.s 			page 2


  38              		.cfi_offset 14, -4
  21:ZumoLibrary/Reflectance.c ****     uint32_t statusR1 = Timer_R1_ReadStatusRegister();
  39              		.loc 1 21 0
  40 0002 FFF7FEFF 		bl	Timer_R1_ReadStatusRegister
  41              	.LVL0:
  42 0006 0446     		mov	r4, r0
  43              	.LVL1:
  22:ZumoLibrary/Reflectance.c ****     uint32_t statusR3 = Timer_R3_ReadStatusRegister();
  44              		.loc 1 22 0
  45 0008 FFF7FEFF 		bl	Timer_R3_ReadStatusRegister
  46              	.LVL2:
  47 000c 0746     		mov	r7, r0
  48              	.LVL3:
  23:ZumoLibrary/Reflectance.c ****     uint32_t statusL3 = Timer_L3_ReadStatusRegister();
  49              		.loc 1 23 0
  50 000e FFF7FEFF 		bl	Timer_L3_ReadStatusRegister
  51              	.LVL4:
  52 0012 0646     		mov	r6, r0
  53              	.LVL5:
  24:ZumoLibrary/Reflectance.c ****     uint32_t statusL1 = Timer_L1_ReadStatusRegister();
  54              		.loc 1 24 0
  55 0014 FFF7FEFF 		bl	Timer_L1_ReadStatusRegister
  56              	.LVL6:
  57 0018 0546     		mov	r5, r0
  58              	.LVL7:
  25:ZumoLibrary/Reflectance.c **** 
  26:ZumoLibrary/Reflectance.c ****     if(statusR1 & Timer_R1_STATUS_CAPTURE) {
  59              		.loc 1 26 0
  60 001a 14F0400F 		tst	r4, #64
  61 001e 09D0     		beq	.L2
  27:ZumoLibrary/Reflectance.c ****         sensors.r1 = Timer_R1_ReadPeriod() - Timer_R1_ReadCapture();
  62              		.loc 1 27 0
  63 0020 FFF7FEFF 		bl	Timer_R1_ReadPeriod
  64              	.LVL8:
  65 0024 0446     		mov	r4, r0
  66              	.LVL9:
  67 0026 FFF7FEFF 		bl	Timer_R1_ReadCapture
  68              	.LVL10:
  69 002a 201A     		subs	r0, r4, r0
  70 002c 80B2     		uxth	r0, r0
  71 002e 314B     		ldr	r3, .L11
  72 0030 9880     		strh	r0, [r3, #4]	@ movhi
  73 0032 03E0     		b	.L3
  74              	.LVL11:
  75              	.L2:
  28:ZumoLibrary/Reflectance.c ****     }
  29:ZumoLibrary/Reflectance.c ****     else {
  30:ZumoLibrary/Reflectance.c ****         sensors.r1 = Timer_R1_ReadPeriod();
  76              		.loc 1 30 0
  77 0034 FFF7FEFF 		bl	Timer_R1_ReadPeriod
  78              	.LVL12:
  79 0038 2E4B     		ldr	r3, .L11
  80 003a 9880     		strh	r0, [r3, #4]	@ movhi
  81              	.LVL13:
  82              	.L3:
  31:ZumoLibrary/Reflectance.c ****     }
  32:ZumoLibrary/Reflectance.c ****     
ARM GAS  C:\Users\TRIPHE~1\AppData\Local\Temp\ccYiZbQ8.s 			page 3


  33:ZumoLibrary/Reflectance.c ****     if(statusR3 & Timer_R3_STATUS_CAPTURE) {
  83              		.loc 1 33 0
  84 003c 17F0400F 		tst	r7, #64
  85 0040 09D0     		beq	.L4
  34:ZumoLibrary/Reflectance.c ****         sensors.r3 = Timer_R3_ReadPeriod() - Timer_R3_ReadCapture();
  86              		.loc 1 34 0
  87 0042 FFF7FEFF 		bl	Timer_R3_ReadPeriod
  88              	.LVL14:
  89 0046 0446     		mov	r4, r0
  90 0048 FFF7FEFF 		bl	Timer_R3_ReadCapture
  91              	.LVL15:
  92 004c 201A     		subs	r0, r4, r0
  93 004e 80B2     		uxth	r0, r0
  94 0050 284B     		ldr	r3, .L11
  95 0052 D880     		strh	r0, [r3, #6]	@ movhi
  96 0054 03E0     		b	.L5
  97              	.L4:
  35:ZumoLibrary/Reflectance.c ****     }
  36:ZumoLibrary/Reflectance.c ****     else {
  37:ZumoLibrary/Reflectance.c ****         sensors.r3 = Timer_R3_ReadPeriod();
  98              		.loc 1 37 0
  99 0056 FFF7FEFF 		bl	Timer_R3_ReadPeriod
 100              	.LVL16:
 101 005a 264B     		ldr	r3, .L11
 102 005c D880     		strh	r0, [r3, #6]	@ movhi
 103              	.L5:
  38:ZumoLibrary/Reflectance.c ****     }
  39:ZumoLibrary/Reflectance.c ****     
  40:ZumoLibrary/Reflectance.c ****     if(statusL3 & Timer_L3_STATUS_CAPTURE) {
 104              		.loc 1 40 0
 105 005e 16F0400F 		tst	r6, #64
 106 0062 09D0     		beq	.L6
  41:ZumoLibrary/Reflectance.c ****         sensors.l3 = Timer_L3_ReadPeriod() - Timer_L3_ReadCapture();
 107              		.loc 1 41 0
 108 0064 FFF7FEFF 		bl	Timer_L3_ReadPeriod
 109              	.LVL17:
 110 0068 0446     		mov	r4, r0
 111 006a FFF7FEFF 		bl	Timer_L3_ReadCapture
 112              	.LVL18:
 113 006e 201A     		subs	r0, r4, r0
 114 0070 80B2     		uxth	r0, r0
 115 0072 204B     		ldr	r3, .L11
 116 0074 1880     		strh	r0, [r3]	@ movhi
 117 0076 03E0     		b	.L7
 118              	.L6:
  42:ZumoLibrary/Reflectance.c ****     }
  43:ZumoLibrary/Reflectance.c ****     else {
  44:ZumoLibrary/Reflectance.c ****         sensors.l3 = Timer_L3_ReadPeriod();
 119              		.loc 1 44 0
 120 0078 FFF7FEFF 		bl	Timer_L3_ReadPeriod
 121              	.LVL19:
 122 007c 1D4B     		ldr	r3, .L11
 123 007e 1880     		strh	r0, [r3]	@ movhi
 124              	.L7:
  45:ZumoLibrary/Reflectance.c ****     }
  46:ZumoLibrary/Reflectance.c ****     
  47:ZumoLibrary/Reflectance.c ****     if(statusL1 & Timer_L1_STATUS_CAPTURE) {
ARM GAS  C:\Users\TRIPHE~1\AppData\Local\Temp\ccYiZbQ8.s 			page 4


 125              		.loc 1 47 0
 126 0080 15F0400F 		tst	r5, #64
 127 0084 09D0     		beq	.L8
  48:ZumoLibrary/Reflectance.c ****         sensors.l1 = Timer_L1_ReadPeriod() - Timer_L1_ReadCapture();
 128              		.loc 1 48 0
 129 0086 FFF7FEFF 		bl	Timer_L1_ReadPeriod
 130              	.LVL20:
 131 008a 0446     		mov	r4, r0
 132 008c FFF7FEFF 		bl	Timer_L1_ReadCapture
 133              	.LVL21:
 134 0090 201A     		subs	r0, r4, r0
 135 0092 80B2     		uxth	r0, r0
 136 0094 174B     		ldr	r3, .L11
 137 0096 5880     		strh	r0, [r3, #2]	@ movhi
 138 0098 03E0     		b	.L9
 139              	.L8:
  49:ZumoLibrary/Reflectance.c ****     }
  50:ZumoLibrary/Reflectance.c ****     else {
  51:ZumoLibrary/Reflectance.c ****         sensors.l1 = Timer_L1_ReadPeriod();
 140              		.loc 1 51 0
 141 009a FFF7FEFF 		bl	Timer_L1_ReadPeriod
 142              	.LVL22:
 143 009e 154B     		ldr	r3, .L11
 144 00a0 5880     		strh	r0, [r3, #2]	@ movhi
 145              	.L9:
  52:ZumoLibrary/Reflectance.c ****     }
  53:ZumoLibrary/Reflectance.c ****     
  54:ZumoLibrary/Reflectance.c ****     R1_SetDriveMode(PIN_DM_STRONG);
 146              		.loc 1 54 0
 147 00a2 0C20     		movs	r0, #12
 148 00a4 FFF7FEFF 		bl	R1_SetDriveMode
 149              	.LVL23:
  55:ZumoLibrary/Reflectance.c ****     R1_Write(1);
 150              		.loc 1 55 0
 151 00a8 0120     		movs	r0, #1
 152 00aa FFF7FEFF 		bl	R1_Write
 153              	.LVL24:
  56:ZumoLibrary/Reflectance.c ****     R3_SetDriveMode(PIN_DM_STRONG);
 154              		.loc 1 56 0
 155 00ae 0C20     		movs	r0, #12
 156 00b0 FFF7FEFF 		bl	R3_SetDriveMode
 157              	.LVL25:
  57:ZumoLibrary/Reflectance.c ****     R3_Write(1);
 158              		.loc 1 57 0
 159 00b4 0120     		movs	r0, #1
 160 00b6 FFF7FEFF 		bl	R3_Write
 161              	.LVL26:
  58:ZumoLibrary/Reflectance.c ****     L3_SetDriveMode(PIN_DM_STRONG);
 162              		.loc 1 58 0
 163 00ba 0C20     		movs	r0, #12
 164 00bc FFF7FEFF 		bl	L3_SetDriveMode
 165              	.LVL27:
  59:ZumoLibrary/Reflectance.c ****     L3_Write(1);
 166              		.loc 1 59 0
 167 00c0 0120     		movs	r0, #1
 168 00c2 FFF7FEFF 		bl	L3_Write
 169              	.LVL28:
ARM GAS  C:\Users\TRIPHE~1\AppData\Local\Temp\ccYiZbQ8.s 			page 5


  60:ZumoLibrary/Reflectance.c ****     L1_SetDriveMode(PIN_DM_STRONG);
 170              		.loc 1 60 0
 171 00c6 0C20     		movs	r0, #12
 172 00c8 FFF7FEFF 		bl	L1_SetDriveMode
 173              	.LVL29:
  61:ZumoLibrary/Reflectance.c ****     L1_Write(1);
 174              		.loc 1 61 0
 175 00cc 0120     		movs	r0, #1
 176 00ce FFF7FEFF 		bl	L1_Write
 177              	.LVL30:
  62:ZumoLibrary/Reflectance.c ****     CyDelayUs(10);
 178              		.loc 1 62 0
 179 00d2 0A20     		movs	r0, #10
 180 00d4 FFF7FEFF 		bl	CyDelayUs
 181              	.LVL31:
  63:ZumoLibrary/Reflectance.c ****     R1_SetDriveMode(PIN_DM_DIG_HIZ);
 182              		.loc 1 63 0
 183 00d8 0220     		movs	r0, #2
 184 00da FFF7FEFF 		bl	R1_SetDriveMode
 185              	.LVL32:
  64:ZumoLibrary/Reflectance.c ****     R3_SetDriveMode(PIN_DM_DIG_HIZ);
 186              		.loc 1 64 0
 187 00de 0220     		movs	r0, #2
 188 00e0 FFF7FEFF 		bl	R3_SetDriveMode
 189              	.LVL33:
  65:ZumoLibrary/Reflectance.c ****     L3_SetDriveMode(PIN_DM_DIG_HIZ);
 190              		.loc 1 65 0
 191 00e4 0220     		movs	r0, #2
 192 00e6 FFF7FEFF 		bl	L3_SetDriveMode
 193              	.LVL34:
  66:ZumoLibrary/Reflectance.c ****     L1_SetDriveMode(PIN_DM_DIG_HIZ);
 194              		.loc 1 66 0
 195 00ea 0220     		movs	r0, #2
 196 00ec FFF7FEFF 		bl	L1_SetDriveMode
 197              	.LVL35:
 198 00f0 F8BD     		pop	{r3, r4, r5, r6, r7, pc}
 199              	.LVL36:
 200              	.L12:
 201 00f2 00BF     		.align	2
 202              	.L11:
 203 00f4 00000000 		.word	.LANCHOR0
 204              		.cfi_endproc
 205              	.LFE63:
 206              		.size	sensor_isr_handler, .-sensor_isr_handler
 207              		.section	.text.reflectance_start,"ax",%progbits
 208              		.align	2
 209              		.global	reflectance_start
 210              		.thumb
 211              		.thumb_func
 212              		.type	reflectance_start, %function
 213              	reflectance_start:
 214              	.LFB64:
  67:ZumoLibrary/Reflectance.c ****         
  68:ZumoLibrary/Reflectance.c **** }
  69:ZumoLibrary/Reflectance.c **** 
  70:ZumoLibrary/Reflectance.c **** 
  71:ZumoLibrary/Reflectance.c **** /**
ARM GAS  C:\Users\TRIPHE~1\AppData\Local\Temp\ccYiZbQ8.s 			page 6


  72:ZumoLibrary/Reflectance.c **** * @brief    Starting Reflectance Sensor
  73:ZumoLibrary/Reflectance.c **** * @details 
  74:ZumoLibrary/Reflectance.c **** */
  75:ZumoLibrary/Reflectance.c **** void reflectance_start()
  76:ZumoLibrary/Reflectance.c **** {
 215              		.loc 1 76 0
 216              		.cfi_startproc
 217              		@ args = 0, pretend = 0, frame = 0
 218              		@ frame_needed = 0, uses_anonymous_args = 0
 219 0000 08B5     		push	{r3, lr}
 220              		.cfi_def_cfa_offset 8
 221              		.cfi_offset 3, -8
 222              		.cfi_offset 14, -4
  77:ZumoLibrary/Reflectance.c ****     Timer_R1_Start();
 223              		.loc 1 77 0
 224 0002 FFF7FEFF 		bl	Timer_R1_Start
 225              	.LVL37:
  78:ZumoLibrary/Reflectance.c ****     Timer_R3_Start();
 226              		.loc 1 78 0
 227 0006 FFF7FEFF 		bl	Timer_R3_Start
 228              	.LVL38:
  79:ZumoLibrary/Reflectance.c ****     Timer_L3_Start();
 229              		.loc 1 79 0
 230 000a FFF7FEFF 		bl	Timer_L3_Start
 231              	.LVL39:
  80:ZumoLibrary/Reflectance.c ****     Timer_L1_Start();
 232              		.loc 1 80 0
 233 000e FFF7FEFF 		bl	Timer_L1_Start
 234              	.LVL40:
 235 0012 08BD     		pop	{r3, pc}
 236              		.cfi_endproc
 237              	.LFE64:
 238              		.size	reflectance_start, .-reflectance_start
 239              		.section	.text.reflectance_read,"ax",%progbits
 240              		.align	2
 241              		.global	reflectance_read
 242              		.thumb
 243              		.thumb_func
 244              		.type	reflectance_read, %function
 245              	reflectance_read:
 246              	.LFB65:
  81:ZumoLibrary/Reflectance.c **** }
  82:ZumoLibrary/Reflectance.c **** 
  83:ZumoLibrary/Reflectance.c **** 
  84:ZumoLibrary/Reflectance.c **** /**
  85:ZumoLibrary/Reflectance.c **** * @brief    Read reflectance sensor values
  86:ZumoLibrary/Reflectance.c **** * @details
  87:ZumoLibrary/Reflectance.c **** */
  88:ZumoLibrary/Reflectance.c **** void reflectance_read(struct sensors_ *values)
  89:ZumoLibrary/Reflectance.c **** {
 247              		.loc 1 89 0
 248              		.cfi_startproc
 249              		@ args = 0, pretend = 0, frame = 0
 250              		@ frame_needed = 0, uses_anonymous_args = 0
 251              		@ link register save eliminated.
 252              	.LVL41:
 253 0000 0246     		mov	r2, r0
ARM GAS  C:\Users\TRIPHE~1\AppData\Local\Temp\ccYiZbQ8.s 			page 7


  90:ZumoLibrary/Reflectance.c ****     *values = sensors;
 254              		.loc 1 90 0
 255 0002 024B     		ldr	r3, .L16
 256 0004 03CB     		ldmia	r3!, {r0, r1}
 257              	.LVL42:
 258 0006 1060     		str	r0, [r2]	@ unaligned
 259 0008 5160     		str	r1, [r2, #4]	@ unaligned
 260 000a 7047     		bx	lr
 261              	.L17:
 262              		.align	2
 263              	.L16:
 264 000c 00000000 		.word	.LANCHOR0
 265              		.cfi_endproc
 266              	.LFE65:
 267              		.size	reflectance_read, .-reflectance_read
 268              		.section	.text.reflectance_digital,"ax",%progbits
 269              		.align	2
 270              		.global	reflectance_digital
 271              		.thumb
 272              		.thumb_func
 273              		.type	reflectance_digital, %function
 274              	reflectance_digital:
 275              	.LFB66:
  91:ZumoLibrary/Reflectance.c **** }
  92:ZumoLibrary/Reflectance.c **** 
  93:ZumoLibrary/Reflectance.c **** 
  94:ZumoLibrary/Reflectance.c **** /**
  95:ZumoLibrary/Reflectance.c **** * @brief    Making Reflectance Sensor's period to digital
  96:ZumoLibrary/Reflectance.c **** * @details
  97:ZumoLibrary/Reflectance.c **** */
  98:ZumoLibrary/Reflectance.c **** void reflectance_digital(struct sensors_ *digital)
  99:ZumoLibrary/Reflectance.c **** {
 276              		.loc 1 99 0
 277              		.cfi_startproc
 278              		@ args = 0, pretend = 0, frame = 0
 279              		@ frame_needed = 0, uses_anonymous_args = 0
 280              		@ link register save eliminated.
 281              	.LVL43:
 100:ZumoLibrary/Reflectance.c ****     //if the results of reflectance_period function is over threshold, set digital_sensor_value to 
 101:ZumoLibrary/Reflectance.c ****     if(sensors.l3 > threshold.l3)
 282              		.loc 1 101 0
 283 0000 184B     		ldr	r3, .L27
 284 0002 1B88     		ldrh	r3, [r3]
 285 0004 9BB2     		uxth	r3, r3
 286 0006 184A     		ldr	r2, .L27+4
 287 0008 1288     		ldrh	r2, [r2]
 288 000a 9342     		cmp	r3, r2
 289 000c 02D9     		bls	.L19
 102:ZumoLibrary/Reflectance.c ****         digital->l3 = 0;
 290              		.loc 1 102 0
 291 000e 0023     		movs	r3, #0
 292 0010 0380     		strh	r3, [r0]	@ movhi
 293 0012 01E0     		b	.L20
 294              	.L19:
 103:ZumoLibrary/Reflectance.c ****     else
 104:ZumoLibrary/Reflectance.c ****         digital->l3 = 1;
 295              		.loc 1 104 0
ARM GAS  C:\Users\TRIPHE~1\AppData\Local\Temp\ccYiZbQ8.s 			page 8


 296 0014 0123     		movs	r3, #1
 297 0016 0380     		strh	r3, [r0]	@ movhi
 298              	.L20:
 105:ZumoLibrary/Reflectance.c ****     
 106:ZumoLibrary/Reflectance.c ****     if(sensors.l1 > threshold.l1)
 299              		.loc 1 106 0
 300 0018 124B     		ldr	r3, .L27
 301 001a 5B88     		ldrh	r3, [r3, #2]
 302 001c 9BB2     		uxth	r3, r3
 303 001e 124A     		ldr	r2, .L27+4
 304 0020 5288     		ldrh	r2, [r2, #2]
 305 0022 9342     		cmp	r3, r2
 306 0024 02D9     		bls	.L21
 107:ZumoLibrary/Reflectance.c ****         digital->l1 = 0;
 307              		.loc 1 107 0
 308 0026 0023     		movs	r3, #0
 309 0028 4380     		strh	r3, [r0, #2]	@ movhi
 310 002a 01E0     		b	.L22
 311              	.L21:
 108:ZumoLibrary/Reflectance.c ****     else
 109:ZumoLibrary/Reflectance.c ****         digital->l1 = 1;
 312              		.loc 1 109 0
 313 002c 0123     		movs	r3, #1
 314 002e 4380     		strh	r3, [r0, #2]	@ movhi
 315              	.L22:
 110:ZumoLibrary/Reflectance.c ****     
 111:ZumoLibrary/Reflectance.c ****     if(sensors.r1 > threshold.r1)
 316              		.loc 1 111 0
 317 0030 0C4B     		ldr	r3, .L27
 318 0032 9B88     		ldrh	r3, [r3, #4]
 319 0034 9BB2     		uxth	r3, r3
 320 0036 0C4A     		ldr	r2, .L27+4
 321 0038 9288     		ldrh	r2, [r2, #4]
 322 003a 9342     		cmp	r3, r2
 323 003c 02D9     		bls	.L23
 112:ZumoLibrary/Reflectance.c ****         digital->r1 = 0;
 324              		.loc 1 112 0
 325 003e 0023     		movs	r3, #0
 326 0040 8380     		strh	r3, [r0, #4]	@ movhi
 327 0042 01E0     		b	.L24
 328              	.L23:
 113:ZumoLibrary/Reflectance.c ****     else
 114:ZumoLibrary/Reflectance.c ****         digital->r1 = 1;
 329              		.loc 1 114 0
 330 0044 0123     		movs	r3, #1
 331 0046 8380     		strh	r3, [r0, #4]	@ movhi
 332              	.L24:
 115:ZumoLibrary/Reflectance.c ****     
 116:ZumoLibrary/Reflectance.c ****     if(sensors.r3 > threshold.r3)
 333              		.loc 1 116 0
 334 0048 064B     		ldr	r3, .L27
 335 004a DB88     		ldrh	r3, [r3, #6]
 336 004c 9BB2     		uxth	r3, r3
 337 004e 064A     		ldr	r2, .L27+4
 338 0050 D288     		ldrh	r2, [r2, #6]
 339 0052 9342     		cmp	r3, r2
 340 0054 02D9     		bls	.L25
ARM GAS  C:\Users\TRIPHE~1\AppData\Local\Temp\ccYiZbQ8.s 			page 9


 117:ZumoLibrary/Reflectance.c ****         digital->r3 = 0;
 341              		.loc 1 117 0
 342 0056 0023     		movs	r3, #0
 343 0058 C380     		strh	r3, [r0, #6]	@ movhi
 344 005a 7047     		bx	lr
 345              	.L25:
 118:ZumoLibrary/Reflectance.c ****     else
 119:ZumoLibrary/Reflectance.c ****         digital->r3 = 1;
 346              		.loc 1 119 0
 347 005c 0123     		movs	r3, #1
 348 005e C380     		strh	r3, [r0, #6]	@ movhi
 349 0060 7047     		bx	lr
 350              	.L28:
 351 0062 00BF     		.align	2
 352              	.L27:
 353 0064 00000000 		.word	.LANCHOR0
 354 0068 00000000 		.word	.LANCHOR1
 355              		.cfi_endproc
 356              	.LFE66:
 357              		.size	reflectance_digital, .-reflectance_digital
 358              		.section	.text.reflectance_set_threshold,"ax",%progbits
 359              		.align	2
 360              		.global	reflectance_set_threshold
 361              		.thumb
 362              		.thumb_func
 363              		.type	reflectance_set_threshold, %function
 364              	reflectance_set_threshold:
 365              	.LFB67:
 120:ZumoLibrary/Reflectance.c ****         
 121:ZumoLibrary/Reflectance.c **** }
 122:ZumoLibrary/Reflectance.c **** 
 123:ZumoLibrary/Reflectance.c **** void reflectance_set_threshold(uint16_t l3, uint16_t l1, uint16_t r1, uint16_t r3)
 124:ZumoLibrary/Reflectance.c **** {
 366              		.loc 1 124 0
 367              		.cfi_startproc
 368              		@ args = 0, pretend = 0, frame = 0
 369              		@ frame_needed = 0, uses_anonymous_args = 0
 370              		@ link register save eliminated.
 371              	.LVL44:
 372 0000 10B4     		push	{r4}
 373              		.cfi_def_cfa_offset 4
 374              		.cfi_offset 4, -4
 125:ZumoLibrary/Reflectance.c ****     threshold.l3 = l3;
 375              		.loc 1 125 0
 376 0002 044C     		ldr	r4, .L31
 377 0004 2080     		strh	r0, [r4]	@ movhi
 126:ZumoLibrary/Reflectance.c ****     threshold.l1 = l1;
 378              		.loc 1 126 0
 379 0006 6180     		strh	r1, [r4, #2]	@ movhi
 127:ZumoLibrary/Reflectance.c ****     threshold.r3 = r3;
 380              		.loc 1 127 0
 381 0008 E380     		strh	r3, [r4, #6]	@ movhi
 128:ZumoLibrary/Reflectance.c ****     threshold.r1 = r1;
 382              		.loc 1 128 0
 383 000a A280     		strh	r2, [r4, #4]	@ movhi
 129:ZumoLibrary/Reflectance.c **** }
 384              		.loc 1 129 0
ARM GAS  C:\Users\TRIPHE~1\AppData\Local\Temp\ccYiZbQ8.s 			page 10


 385 000c 5DF8044B 		ldr	r4, [sp], #4
 386              		.cfi_restore 4
 387              		.cfi_def_cfa_offset 0
 388 0010 7047     		bx	lr
 389              	.L32:
 390 0012 00BF     		.align	2
 391              	.L31:
 392 0014 00000000 		.word	.LANCHOR1
 393              		.cfi_endproc
 394              	.LFE67:
 395              		.size	reflectance_set_threshold, .-reflectance_set_threshold
 396              		.data
 397              		.align	2
 398              		.set	.LANCHOR1,. + 0
 399              		.type	threshold, %object
 400              		.size	threshold, 8
 401              	threshold:
 402 0000 983A     		.short	15000
 403 0002 983A     		.short	15000
 404 0004 983A     		.short	15000
 405 0006 983A     		.short	15000
 406              		.bss
 407              		.align	2
 408              		.set	.LANCHOR0,. + 0
 409              		.type	sensors, %object
 410              		.size	sensors, 8
 411              	sensors:
 412 0000 00000000 		.space	8
 412      00000000 
 413              		.type	digital_sensor_value, %object
 414              		.size	digital_sensor_value, 8
 415              	digital_sensor_value:
 416 0008 00000000 		.space	8
 416      00000000 
 417              		.text
 418              	.Letext0:
 419              		.file 2 "c:\\program files (x86)\\cypress\\psoc creator\\4.0\\psoc creator\\import\\gnu\\arm\\4.9.
 420              		.file 3 "c:\\program files (x86)\\cypress\\psoc creator\\4.0\\psoc creator\\import\\gnu\\arm\\4.9.
 421              		.file 4 "Generated_Source\\PSoC5/cytypes.h"
 422              		.file 5 "ZumoLibrary\\Reflectance.h"
 423              		.file 6 "Generated_Source\\PSoC5/Timer_R1.h"
 424              		.file 7 "Generated_Source\\PSoC5/Timer_R3.h"
 425              		.file 8 "Generated_Source\\PSoC5/Timer_L3.h"
 426              		.file 9 "Generated_Source\\PSoC5/Timer_L1.h"
 427              		.file 10 "Generated_Source\\PSoC5/R1.h"
 428              		.file 11 "Generated_Source\\PSoC5/R3.h"
 429              		.file 12 "Generated_Source\\PSoC5/L3.h"
 430              		.file 13 "Generated_Source\\PSoC5/L1.h"
 431              		.file 14 "Generated_Source\\PSoC5/CyLib.h"
 432              		.file 15 "Generated_Source\\PSoC5/core_cm3.h"
 433              		.section	.debug_info,"",%progbits
 434              	.Ldebug_info0:
 435 0000 3C050000 		.4byte	0x53c
 436 0004 0400     		.2byte	0x4
 437 0006 00000000 		.4byte	.Ldebug_abbrev0
 438 000a 04       		.byte	0x4
 439 000b 01       		.uleb128 0x1
ARM GAS  C:\Users\TRIPHE~1\AppData\Local\Temp\ccYiZbQ8.s 			page 11


 440 000c 4E030000 		.4byte	.LASF60
 441 0010 01       		.byte	0x1
 442 0011 0C040000 		.4byte	.LASF61
 443 0015 02030000 		.4byte	.LASF62
 444 0019 00000000 		.4byte	.Ldebug_ranges0+0
 445 001d 00000000 		.4byte	0
 446 0021 00000000 		.4byte	.Ldebug_line0
 447 0025 02       		.uleb128 0x2
 448 0026 01       		.byte	0x1
 449 0027 06       		.byte	0x6
 450 0028 A3010000 		.4byte	.LASF0
 451 002c 02       		.uleb128 0x2
 452 002d 01       		.byte	0x1
 453 002e 08       		.byte	0x8
 454 002f 6B010000 		.4byte	.LASF1
 455 0033 02       		.uleb128 0x2
 456 0034 02       		.byte	0x2
 457 0035 05       		.byte	0x5
 458 0036 34000000 		.4byte	.LASF2
 459 003a 03       		.uleb128 0x3
 460 003b 78000000 		.4byte	.LASF4
 461 003f 02       		.byte	0x2
 462 0040 2B       		.byte	0x2b
 463 0041 45000000 		.4byte	0x45
 464 0045 02       		.uleb128 0x2
 465 0046 02       		.byte	0x2
 466 0047 07       		.byte	0x7
 467 0048 EE010000 		.4byte	.LASF3
 468 004c 03       		.uleb128 0x3
 469 004d 31030000 		.4byte	.LASF5
 470 0051 02       		.byte	0x2
 471 0052 3F       		.byte	0x3f
 472 0053 57000000 		.4byte	0x57
 473 0057 02       		.uleb128 0x2
 474 0058 04       		.byte	0x4
 475 0059 05       		.byte	0x5
 476 005a 32010000 		.4byte	.LASF6
 477 005e 03       		.uleb128 0x3
 478 005f 5D000000 		.4byte	.LASF7
 479 0063 02       		.byte	0x2
 480 0064 41       		.byte	0x41
 481 0065 69000000 		.4byte	0x69
 482 0069 02       		.uleb128 0x2
 483 006a 04       		.byte	0x4
 484 006b 07       		.byte	0x7
 485 006c A2020000 		.4byte	.LASF8
 486 0070 02       		.uleb128 0x2
 487 0071 08       		.byte	0x8
 488 0072 05       		.byte	0x5
 489 0073 4F000000 		.4byte	.LASF9
 490 0077 02       		.uleb128 0x2
 491 0078 08       		.byte	0x8
 492 0079 07       		.byte	0x7
 493 007a AF010000 		.4byte	.LASF10
 494 007e 04       		.uleb128 0x4
 495 007f 04       		.byte	0x4
 496 0080 05       		.byte	0x5
ARM GAS  C:\Users\TRIPHE~1\AppData\Local\Temp\ccYiZbQ8.s 			page 12


 497 0081 696E7400 		.ascii	"int\000"
 498 0085 02       		.uleb128 0x2
 499 0086 04       		.byte	0x4
 500 0087 07       		.byte	0x7
 501 0088 CF010000 		.4byte	.LASF11
 502 008c 03       		.uleb128 0x3
 503 008d DC010000 		.4byte	.LASF12
 504 0091 03       		.byte	0x3
 505 0092 21       		.byte	0x21
 506 0093 3A000000 		.4byte	0x3a
 507 0097 03       		.uleb128 0x3
 508 0098 3D020000 		.4byte	.LASF13
 509 009c 03       		.byte	0x3
 510 009d 2C       		.byte	0x2c
 511 009e 4C000000 		.4byte	0x4c
 512 00a2 03       		.uleb128 0x3
 513 00a3 C6010000 		.4byte	.LASF14
 514 00a7 03       		.byte	0x3
 515 00a8 2D       		.byte	0x2d
 516 00a9 5E000000 		.4byte	0x5e
 517 00ad 05       		.uleb128 0x5
 518 00ae 93000000 		.4byte	.LASF15
 519 00b2 04       		.byte	0x4
 520 00b3 9201     		.2byte	0x192
 521 00b5 2C000000 		.4byte	0x2c
 522 00b9 05       		.uleb128 0x5
 523 00ba 83000000 		.4byte	.LASF16
 524 00be 04       		.byte	0x4
 525 00bf 9301     		.2byte	0x193
 526 00c1 45000000 		.4byte	0x45
 527 00c5 02       		.uleb128 0x2
 528 00c6 04       		.byte	0x4
 529 00c7 04       		.byte	0x4
 530 00c8 C9000000 		.4byte	.LASF17
 531 00cc 02       		.uleb128 0x2
 532 00cd 08       		.byte	0x8
 533 00ce 04       		.byte	0x4
 534 00cf DC030000 		.4byte	.LASF18
 535 00d3 02       		.uleb128 0x2
 536 00d4 01       		.byte	0x1
 537 00d5 08       		.byte	0x8
 538 00d6 19010000 		.4byte	.LASF19
 539 00da 02       		.uleb128 0x2
 540 00db 04       		.byte	0x4
 541 00dc 07       		.byte	0x7
 542 00dd 3E000000 		.4byte	.LASF20
 543 00e1 06       		.uleb128 0x6
 544 00e2 7D020000 		.4byte	.LASF63
 545 00e6 08       		.byte	0x8
 546 00e7 05       		.byte	0x5
 547 00e8 11       		.byte	0x11
 548 00e9 1A010000 		.4byte	0x11a
 549 00ed 07       		.uleb128 0x7
 550 00ee 6C3300   		.ascii	"l3\000"
 551 00f1 05       		.byte	0x5
 552 00f2 12       		.byte	0x12
 553 00f3 8C000000 		.4byte	0x8c
ARM GAS  C:\Users\TRIPHE~1\AppData\Local\Temp\ccYiZbQ8.s 			page 13


 554 00f7 00       		.byte	0
 555 00f8 07       		.uleb128 0x7
 556 00f9 6C3100   		.ascii	"l1\000"
 557 00fc 05       		.byte	0x5
 558 00fd 14       		.byte	0x14
 559 00fe 8C000000 		.4byte	0x8c
 560 0102 02       		.byte	0x2
 561 0103 07       		.uleb128 0x7
 562 0104 723100   		.ascii	"r1\000"
 563 0107 05       		.byte	0x5
 564 0108 15       		.byte	0x15
 565 0109 8C000000 		.4byte	0x8c
 566 010d 04       		.byte	0x4
 567 010e 07       		.uleb128 0x7
 568 010f 723300   		.ascii	"r3\000"
 569 0112 05       		.byte	0x5
 570 0113 17       		.byte	0x17
 571 0114 8C000000 		.4byte	0x8c
 572 0118 06       		.byte	0x6
 573 0119 00       		.byte	0
 574 011a 08       		.uleb128 0x8
 575 011b 3B030000 		.4byte	.LASF25
 576 011f 01       		.byte	0x1
 577 0120 13       		.byte	0x13
 578 0121 00000000 		.4byte	.LFB63
 579 0125 F8000000 		.4byte	.LFE63-.LFB63
 580 0129 01       		.uleb128 0x1
 581 012a 9C       		.byte	0x9c
 582 012b EF020000 		.4byte	0x2ef
 583 012f 09       		.uleb128 0x9
 584 0130 8A000000 		.4byte	.LASF21
 585 0134 01       		.byte	0x1
 586 0135 15       		.byte	0x15
 587 0136 A2000000 		.4byte	0xa2
 588 013a 00000000 		.4byte	.LLST0
 589 013e 09       		.uleb128 0x9
 590 013f 99000000 		.4byte	.LASF22
 591 0143 01       		.byte	0x1
 592 0144 16       		.byte	0x16
 593 0145 A2000000 		.4byte	0xa2
 594 0149 28000000 		.4byte	.LLST1
 595 014d 09       		.uleb128 0x9
 596 014e 34020000 		.4byte	.LASF23
 597 0152 01       		.byte	0x1
 598 0153 17       		.byte	0x17
 599 0154 A2000000 		.4byte	0xa2
 600 0158 40000000 		.4byte	.LLST2
 601 015c 09       		.uleb128 0x9
 602 015d C8020000 		.4byte	.LASF24
 603 0161 01       		.byte	0x1
 604 0162 18       		.byte	0x18
 605 0163 A2000000 		.4byte	0xa2
 606 0167 58000000 		.4byte	.LLST3
 607 016b 0A       		.uleb128 0xa
 608 016c 06000000 		.4byte	.LVL0
 609 0170 06040000 		.4byte	0x406
 610 0174 0A       		.uleb128 0xa
ARM GAS  C:\Users\TRIPHE~1\AppData\Local\Temp\ccYiZbQ8.s 			page 14


 611 0175 0C000000 		.4byte	.LVL2
 612 0179 11040000 		.4byte	0x411
 613 017d 0A       		.uleb128 0xa
 614 017e 12000000 		.4byte	.LVL4
 615 0182 1C040000 		.4byte	0x41c
 616 0186 0A       		.uleb128 0xa
 617 0187 18000000 		.4byte	.LVL6
 618 018b 27040000 		.4byte	0x427
 619 018f 0A       		.uleb128 0xa
 620 0190 24000000 		.4byte	.LVL8
 621 0194 32040000 		.4byte	0x432
 622 0198 0A       		.uleb128 0xa
 623 0199 2A000000 		.4byte	.LVL10
 624 019d 3D040000 		.4byte	0x43d
 625 01a1 0A       		.uleb128 0xa
 626 01a2 38000000 		.4byte	.LVL12
 627 01a6 32040000 		.4byte	0x432
 628 01aa 0A       		.uleb128 0xa
 629 01ab 46000000 		.4byte	.LVL14
 630 01af 48040000 		.4byte	0x448
 631 01b3 0A       		.uleb128 0xa
 632 01b4 4C000000 		.4byte	.LVL15
 633 01b8 53040000 		.4byte	0x453
 634 01bc 0A       		.uleb128 0xa
 635 01bd 5A000000 		.4byte	.LVL16
 636 01c1 48040000 		.4byte	0x448
 637 01c5 0A       		.uleb128 0xa
 638 01c6 68000000 		.4byte	.LVL17
 639 01ca 5E040000 		.4byte	0x45e
 640 01ce 0A       		.uleb128 0xa
 641 01cf 6E000000 		.4byte	.LVL18
 642 01d3 69040000 		.4byte	0x469
 643 01d7 0A       		.uleb128 0xa
 644 01d8 7C000000 		.4byte	.LVL19
 645 01dc 5E040000 		.4byte	0x45e
 646 01e0 0A       		.uleb128 0xa
 647 01e1 8A000000 		.4byte	.LVL20
 648 01e5 74040000 		.4byte	0x474
 649 01e9 0A       		.uleb128 0xa
 650 01ea 90000000 		.4byte	.LVL21
 651 01ee 7F040000 		.4byte	0x47f
 652 01f2 0A       		.uleb128 0xa
 653 01f3 9E000000 		.4byte	.LVL22
 654 01f7 74040000 		.4byte	0x474
 655 01fb 0B       		.uleb128 0xb
 656 01fc A8000000 		.4byte	.LVL23
 657 0200 8A040000 		.4byte	0x48a
 658 0204 0E020000 		.4byte	0x20e
 659 0208 0C       		.uleb128 0xc
 660 0209 01       		.uleb128 0x1
 661 020a 50       		.byte	0x50
 662 020b 01       		.uleb128 0x1
 663 020c 3C       		.byte	0x3c
 664 020d 00       		.byte	0
 665 020e 0B       		.uleb128 0xb
 666 020f AE000000 		.4byte	.LVL24
 667 0213 9B040000 		.4byte	0x49b
ARM GAS  C:\Users\TRIPHE~1\AppData\Local\Temp\ccYiZbQ8.s 			page 15


 668 0217 21020000 		.4byte	0x221
 669 021b 0C       		.uleb128 0xc
 670 021c 01       		.uleb128 0x1
 671 021d 50       		.byte	0x50
 672 021e 01       		.uleb128 0x1
 673 021f 31       		.byte	0x31
 674 0220 00       		.byte	0
 675 0221 0B       		.uleb128 0xb
 676 0222 B4000000 		.4byte	.LVL25
 677 0226 AC040000 		.4byte	0x4ac
 678 022a 34020000 		.4byte	0x234
 679 022e 0C       		.uleb128 0xc
 680 022f 01       		.uleb128 0x1
 681 0230 50       		.byte	0x50
 682 0231 01       		.uleb128 0x1
 683 0232 3C       		.byte	0x3c
 684 0233 00       		.byte	0
 685 0234 0B       		.uleb128 0xb
 686 0235 BA000000 		.4byte	.LVL26
 687 0239 BD040000 		.4byte	0x4bd
 688 023d 47020000 		.4byte	0x247
 689 0241 0C       		.uleb128 0xc
 690 0242 01       		.uleb128 0x1
 691 0243 50       		.byte	0x50
 692 0244 01       		.uleb128 0x1
 693 0245 31       		.byte	0x31
 694 0246 00       		.byte	0
 695 0247 0B       		.uleb128 0xb
 696 0248 C0000000 		.4byte	.LVL27
 697 024c CE040000 		.4byte	0x4ce
 698 0250 5A020000 		.4byte	0x25a
 699 0254 0C       		.uleb128 0xc
 700 0255 01       		.uleb128 0x1
 701 0256 50       		.byte	0x50
 702 0257 01       		.uleb128 0x1
 703 0258 3C       		.byte	0x3c
 704 0259 00       		.byte	0
 705 025a 0B       		.uleb128 0xb
 706 025b C6000000 		.4byte	.LVL28
 707 025f DF040000 		.4byte	0x4df
 708 0263 6D020000 		.4byte	0x26d
 709 0267 0C       		.uleb128 0xc
 710 0268 01       		.uleb128 0x1
 711 0269 50       		.byte	0x50
 712 026a 01       		.uleb128 0x1
 713 026b 31       		.byte	0x31
 714 026c 00       		.byte	0
 715 026d 0B       		.uleb128 0xb
 716 026e CC000000 		.4byte	.LVL29
 717 0272 F0040000 		.4byte	0x4f0
 718 0276 80020000 		.4byte	0x280
 719 027a 0C       		.uleb128 0xc
 720 027b 01       		.uleb128 0x1
 721 027c 50       		.byte	0x50
 722 027d 01       		.uleb128 0x1
 723 027e 3C       		.byte	0x3c
 724 027f 00       		.byte	0
ARM GAS  C:\Users\TRIPHE~1\AppData\Local\Temp\ccYiZbQ8.s 			page 16


 725 0280 0B       		.uleb128 0xb
 726 0281 D2000000 		.4byte	.LVL30
 727 0285 01050000 		.4byte	0x501
 728 0289 93020000 		.4byte	0x293
 729 028d 0C       		.uleb128 0xc
 730 028e 01       		.uleb128 0x1
 731 028f 50       		.byte	0x50
 732 0290 01       		.uleb128 0x1
 733 0291 31       		.byte	0x31
 734 0292 00       		.byte	0
 735 0293 0B       		.uleb128 0xb
 736 0294 D8000000 		.4byte	.LVL31
 737 0298 12050000 		.4byte	0x512
 738 029c A6020000 		.4byte	0x2a6
 739 02a0 0C       		.uleb128 0xc
 740 02a1 01       		.uleb128 0x1
 741 02a2 50       		.byte	0x50
 742 02a3 01       		.uleb128 0x1
 743 02a4 3A       		.byte	0x3a
 744 02a5 00       		.byte	0
 745 02a6 0B       		.uleb128 0xb
 746 02a7 DE000000 		.4byte	.LVL32
 747 02ab 8A040000 		.4byte	0x48a
 748 02af B9020000 		.4byte	0x2b9
 749 02b3 0C       		.uleb128 0xc
 750 02b4 01       		.uleb128 0x1
 751 02b5 50       		.byte	0x50
 752 02b6 01       		.uleb128 0x1
 753 02b7 32       		.byte	0x32
 754 02b8 00       		.byte	0
 755 02b9 0B       		.uleb128 0xb
 756 02ba E4000000 		.4byte	.LVL33
 757 02be AC040000 		.4byte	0x4ac
 758 02c2 CC020000 		.4byte	0x2cc
 759 02c6 0C       		.uleb128 0xc
 760 02c7 01       		.uleb128 0x1
 761 02c8 50       		.byte	0x50
 762 02c9 01       		.uleb128 0x1
 763 02ca 32       		.byte	0x32
 764 02cb 00       		.byte	0
 765 02cc 0B       		.uleb128 0xb
 766 02cd EA000000 		.4byte	.LVL34
 767 02d1 CE040000 		.4byte	0x4ce
 768 02d5 DF020000 		.4byte	0x2df
 769 02d9 0C       		.uleb128 0xc
 770 02da 01       		.uleb128 0x1
 771 02db 50       		.byte	0x50
 772 02dc 01       		.uleb128 0x1
 773 02dd 32       		.byte	0x32
 774 02de 00       		.byte	0
 775 02df 0D       		.uleb128 0xd
 776 02e0 F0000000 		.4byte	.LVL35
 777 02e4 F0040000 		.4byte	0x4f0
 778 02e8 0C       		.uleb128 0xc
 779 02e9 01       		.uleb128 0x1
 780 02ea 50       		.byte	0x50
 781 02eb 01       		.uleb128 0x1
ARM GAS  C:\Users\TRIPHE~1\AppData\Local\Temp\ccYiZbQ8.s 			page 17


 782 02ec 32       		.byte	0x32
 783 02ed 00       		.byte	0
 784 02ee 00       		.byte	0
 785 02ef 08       		.uleb128 0x8
 786 02f0 B7000000 		.4byte	.LASF26
 787 02f4 01       		.byte	0x1
 788 02f5 4B       		.byte	0x4b
 789 02f6 00000000 		.4byte	.LFB64
 790 02fa 14000000 		.4byte	.LFE64-.LFB64
 791 02fe 01       		.uleb128 0x1
 792 02ff 9C       		.byte	0x9c
 793 0300 29030000 		.4byte	0x329
 794 0304 0A       		.uleb128 0xa
 795 0305 06000000 		.4byte	.LVL37
 796 0309 23050000 		.4byte	0x523
 797 030d 0A       		.uleb128 0xa
 798 030e 0A000000 		.4byte	.LVL38
 799 0312 2A050000 		.4byte	0x52a
 800 0316 0A       		.uleb128 0xa
 801 0317 0E000000 		.4byte	.LVL39
 802 031b 31050000 		.4byte	0x531
 803 031f 0A       		.uleb128 0xa
 804 0320 12000000 		.4byte	.LVL40
 805 0324 38050000 		.4byte	0x538
 806 0328 00       		.byte	0
 807 0329 08       		.uleb128 0x8
 808 032a 26040000 		.4byte	.LASF27
 809 032e 01       		.byte	0x1
 810 032f 58       		.byte	0x58
 811 0330 00000000 		.4byte	.LFB65
 812 0334 10000000 		.4byte	.LFE65-.LFB65
 813 0338 01       		.uleb128 0x1
 814 0339 9C       		.byte	0x9c
 815 033a 4E030000 		.4byte	0x34e
 816 033e 0E       		.uleb128 0xe
 817 033f 3B010000 		.4byte	.LASF29
 818 0343 01       		.byte	0x1
 819 0344 58       		.byte	0x58
 820 0345 4E030000 		.4byte	0x34e
 821 0349 70000000 		.4byte	.LLST4
 822 034d 00       		.byte	0
 823 034e 0F       		.uleb128 0xf
 824 034f 04       		.byte	0x4
 825 0350 E1000000 		.4byte	0xe1
 826 0354 08       		.uleb128 0x8
 827 0355 FB000000 		.4byte	.LASF28
 828 0359 01       		.byte	0x1
 829 035a 62       		.byte	0x62
 830 035b 00000000 		.4byte	.LFB66
 831 035f 6C000000 		.4byte	.LFE66-.LFB66
 832 0363 01       		.uleb128 0x1
 833 0364 9C       		.byte	0x9c
 834 0365 77030000 		.4byte	0x377
 835 0369 10       		.uleb128 0x10
 836 036a D1020000 		.4byte	.LASF30
 837 036e 01       		.byte	0x1
 838 036f 62       		.byte	0x62
ARM GAS  C:\Users\TRIPHE~1\AppData\Local\Temp\ccYiZbQ8.s 			page 18


 839 0370 4E030000 		.4byte	0x34e
 840 0374 01       		.uleb128 0x1
 841 0375 50       		.byte	0x50
 842 0376 00       		.byte	0
 843 0377 08       		.uleb128 0x8
 844 0378 89010000 		.4byte	.LASF31
 845 037c 01       		.byte	0x1
 846 037d 7B       		.byte	0x7b
 847 037e 00000000 		.4byte	.LFB67
 848 0382 18000000 		.4byte	.LFE67-.LFB67
 849 0386 01       		.uleb128 0x1
 850 0387 9C       		.byte	0x9c
 851 0388 BD030000 		.4byte	0x3bd
 852 038c 11       		.uleb128 0x11
 853 038d 6C3300   		.ascii	"l3\000"
 854 0390 01       		.byte	0x1
 855 0391 7B       		.byte	0x7b
 856 0392 8C000000 		.4byte	0x8c
 857 0396 01       		.uleb128 0x1
 858 0397 50       		.byte	0x50
 859 0398 11       		.uleb128 0x11
 860 0399 6C3100   		.ascii	"l1\000"
 861 039c 01       		.byte	0x1
 862 039d 7B       		.byte	0x7b
 863 039e 8C000000 		.4byte	0x8c
 864 03a2 01       		.uleb128 0x1
 865 03a3 51       		.byte	0x51
 866 03a4 11       		.uleb128 0x11
 867 03a5 723100   		.ascii	"r1\000"
 868 03a8 01       		.byte	0x1
 869 03a9 7B       		.byte	0x7b
 870 03aa 8C000000 		.4byte	0x8c
 871 03ae 01       		.uleb128 0x1
 872 03af 52       		.byte	0x52
 873 03b0 11       		.uleb128 0x11
 874 03b1 723300   		.ascii	"r3\000"
 875 03b4 01       		.byte	0x1
 876 03b5 7B       		.byte	0x7b
 877 03b6 8C000000 		.4byte	0x8c
 878 03ba 01       		.uleb128 0x1
 879 03bb 53       		.byte	0x53
 880 03bc 00       		.byte	0
 881 03bd 12       		.uleb128 0x12
 882 03be 47000000 		.4byte	.LASF32
 883 03c2 01       		.byte	0x1
 884 03c3 0B       		.byte	0xb
 885 03c4 CE030000 		.4byte	0x3ce
 886 03c8 05       		.uleb128 0x5
 887 03c9 03       		.byte	0x3
 888 03ca 00000000 		.4byte	sensors
 889 03ce 13       		.uleb128 0x13
 890 03cf E1000000 		.4byte	0xe1
 891 03d3 12       		.uleb128 0x12
 892 03d4 16020000 		.4byte	.LASF33
 893 03d8 01       		.byte	0x1
 894 03d9 0C       		.byte	0xc
 895 03da CE030000 		.4byte	0x3ce
ARM GAS  C:\Users\TRIPHE~1\AppData\Local\Temp\ccYiZbQ8.s 			page 19


 896 03de 05       		.uleb128 0x5
 897 03df 03       		.byte	0x3
 898 03e0 08000000 		.4byte	digital_sensor_value
 899 03e4 12       		.uleb128 0x12
 900 03e5 0F010000 		.4byte	.LASF34
 901 03e9 01       		.byte	0x1
 902 03ea 0D       		.byte	0xd
 903 03eb E1000000 		.4byte	0xe1
 904 03ef 05       		.uleb128 0x5
 905 03f0 03       		.byte	0x3
 906 03f1 00000000 		.4byte	threshold
 907 03f5 14       		.uleb128 0x14
 908 03f6 E3030000 		.4byte	.LASF64
 909 03fa 0F       		.byte	0xf
 910 03fb 9606     		.2byte	0x696
 911 03fd 01040000 		.4byte	0x401
 912 0401 13       		.uleb128 0x13
 913 0402 97000000 		.4byte	0x97
 914 0406 15       		.uleb128 0x15
 915 0407 DF000000 		.4byte	.LASF35
 916 040b 06       		.byte	0x6
 917 040c 5E       		.byte	0x5e
 918 040d AD000000 		.4byte	0xad
 919 0411 15       		.uleb128 0x15
 920 0412 86020000 		.4byte	.LASF36
 921 0416 07       		.byte	0x7
 922 0417 5E       		.byte	0x5e
 923 0418 AD000000 		.4byte	0xad
 924 041c 15       		.uleb128 0x15
 925 041d F0030000 		.4byte	.LASF37
 926 0421 08       		.byte	0x8
 927 0422 5E       		.byte	0x5e
 928 0423 AD000000 		.4byte	0xad
 929 0427 15       		.uleb128 0x15
 930 0428 18000000 		.4byte	.LASF38
 931 042c 09       		.byte	0x9
 932 042d 5E       		.byte	0x5e
 933 042e AD000000 		.4byte	0xad
 934 0432 15       		.uleb128 0x15
 935 0433 D9020000 		.4byte	.LASF39
 936 0437 06       		.byte	0x6
 937 0438 67       		.byte	0x67
 938 0439 B9000000 		.4byte	0xb9
 939 043d 15       		.uleb128 0x15
 940 043e A2000000 		.4byte	.LASF40
 941 0442 06       		.byte	0x6
 942 0443 6B       		.byte	0x6b
 943 0444 B9000000 		.4byte	0xb9
 944 0448 15       		.uleb128 0x15
 945 0449 1E010000 		.4byte	.LASF41
 946 044d 07       		.byte	0x7
 947 044e 67       		.byte	0x67
 948 044f B9000000 		.4byte	0xb9
 949 0453 15       		.uleb128 0x15
 950 0454 ED020000 		.4byte	.LASF42
 951 0458 07       		.byte	0x7
 952 0459 6B       		.byte	0x6b
ARM GAS  C:\Users\TRIPHE~1\AppData\Local\Temp\ccYiZbQ8.s 			page 20


 953 045a B9000000 		.4byte	0xb9
 954 045e 15       		.uleb128 0x15
 955 045f B4020000 		.4byte	.LASF43
 956 0463 08       		.byte	0x8
 957 0464 67       		.byte	0x67
 958 0465 B9000000 		.4byte	0xb9
 959 0469 15       		.uleb128 0x15
 960 046a 45020000 		.4byte	.LASF44
 961 046e 08       		.byte	0x8
 962 046f 6B       		.byte	0x6b
 963 0470 B9000000 		.4byte	0xb9
 964 0474 15       		.uleb128 0x15
 965 0475 5A020000 		.4byte	.LASF45
 966 0479 09       		.byte	0x9
 967 047a 67       		.byte	0x67
 968 047b B9000000 		.4byte	0xb9
 969 047f 15       		.uleb128 0x15
 970 0480 01020000 		.4byte	.LASF46
 971 0484 09       		.byte	0x9
 972 0485 6B       		.byte	0x6b
 973 0486 B9000000 		.4byte	0xb9
 974 048a 16       		.uleb128 0x16
 975 048b 79010000 		.4byte	.LASF47
 976 048f 0A       		.byte	0xa
 977 0490 27       		.byte	0x27
 978 0491 9B040000 		.4byte	0x49b
 979 0495 17       		.uleb128 0x17
 980 0496 AD000000 		.4byte	0xad
 981 049a 00       		.byte	0
 982 049b 16       		.uleb128 0x16
 983 049c E5010000 		.4byte	.LASF48
 984 04a0 0A       		.byte	0xa
 985 04a1 26       		.byte	0x26
 986 04a2 AC040000 		.4byte	0x4ac
 987 04a6 17       		.uleb128 0x17
 988 04a7 AD000000 		.4byte	0xad
 989 04ab 00       		.byte	0
 990 04ac 16       		.uleb128 0x16
 991 04ad CF000000 		.4byte	.LASF49
 992 04b1 0B       		.byte	0xb
 993 04b2 27       		.byte	0x27
 994 04b3 BD040000 		.4byte	0x4bd
 995 04b7 17       		.uleb128 0x17
 996 04b8 AD000000 		.4byte	0xad
 997 04bc 00       		.byte	0
 998 04bd 16       		.uleb128 0x16
 999 04be 2B020000 		.4byte	.LASF50
 1000 04c2 0B       		.byte	0xb
 1001 04c3 26       		.byte	0x26
 1002 04c4 CE040000 		.4byte	0x4ce
 1003 04c8 17       		.uleb128 0x17
 1004 04c9 AD000000 		.4byte	0xad
 1005 04cd 00       		.byte	0
 1006 04ce 16       		.uleb128 0x16
 1007 04cf 68000000 		.4byte	.LASF51
 1008 04d3 0C       		.byte	0xc
 1009 04d4 27       		.byte	0x27
ARM GAS  C:\Users\TRIPHE~1\AppData\Local\Temp\ccYiZbQ8.s 			page 21


 1010 04d5 DF040000 		.4byte	0x4df
 1011 04d9 17       		.uleb128 0x17
 1012 04da AD000000 		.4byte	0xad
 1013 04de 00       		.byte	0
 1014 04df 16       		.uleb128 0x16
 1015 04e0 0F000000 		.4byte	.LASF52
 1016 04e4 0C       		.byte	0xc
 1017 04e5 26       		.byte	0x26
 1018 04e6 F0040000 		.4byte	0x4f0
 1019 04ea 17       		.uleb128 0x17
 1020 04eb AD000000 		.4byte	0xad
 1021 04ef 00       		.byte	0
 1022 04f0 16       		.uleb128 0x16
 1023 04f1 51010000 		.4byte	.LASF53
 1024 04f5 0D       		.byte	0xd
 1025 04f6 27       		.byte	0x27
 1026 04f7 01050000 		.4byte	0x501
 1027 04fb 17       		.uleb128 0x17
 1028 04fc AD000000 		.4byte	0xad
 1029 0500 00       		.byte	0
 1030 0501 16       		.uleb128 0x16
 1031 0502 46040000 		.4byte	.LASF54
 1032 0506 0D       		.byte	0xd
 1033 0507 26       		.byte	0x26
 1034 0508 12050000 		.4byte	0x512
 1035 050c 17       		.uleb128 0x17
 1036 050d AD000000 		.4byte	0xad
 1037 0511 00       		.byte	0
 1038 0512 16       		.uleb128 0x16
 1039 0513 61010000 		.4byte	.LASF55
 1040 0517 0E       		.byte	0xe
 1041 0518 77       		.byte	0x77
 1042 0519 23050000 		.4byte	0x523
 1043 051d 17       		.uleb128 0x17
 1044 051e B9000000 		.4byte	0xb9
 1045 0522 00       		.byte	0
 1046 0523 18       		.uleb128 0x18
 1047 0524 37040000 		.4byte	.LASF56
 1048 0528 06       		.byte	0x6
 1049 0529 5A       		.byte	0x5a
 1050 052a 18       		.uleb128 0x18
 1051 052b 00000000 		.4byte	.LASF57
 1052 052f 07       		.byte	0x7
 1053 0530 5A       		.byte	0x5a
 1054 0531 18       		.uleb128 0x18
 1055 0532 6E020000 		.4byte	.LASF58
 1056 0536 08       		.byte	0x8
 1057 0537 5A       		.byte	0x5a
 1058 0538 18       		.uleb128 0x18
 1059 0539 42010000 		.4byte	.LASF59
 1060 053d 09       		.byte	0x9
 1061 053e 5A       		.byte	0x5a
 1062 053f 00       		.byte	0
 1063              		.section	.debug_abbrev,"",%progbits
 1064              	.Ldebug_abbrev0:
 1065 0000 01       		.uleb128 0x1
 1066 0001 11       		.uleb128 0x11
ARM GAS  C:\Users\TRIPHE~1\AppData\Local\Temp\ccYiZbQ8.s 			page 22


 1067 0002 01       		.byte	0x1
 1068 0003 25       		.uleb128 0x25
 1069 0004 0E       		.uleb128 0xe
 1070 0005 13       		.uleb128 0x13
 1071 0006 0B       		.uleb128 0xb
 1072 0007 03       		.uleb128 0x3
 1073 0008 0E       		.uleb128 0xe
 1074 0009 1B       		.uleb128 0x1b
 1075 000a 0E       		.uleb128 0xe
 1076 000b 55       		.uleb128 0x55
 1077 000c 17       		.uleb128 0x17
 1078 000d 11       		.uleb128 0x11
 1079 000e 01       		.uleb128 0x1
 1080 000f 10       		.uleb128 0x10
 1081 0010 17       		.uleb128 0x17
 1082 0011 00       		.byte	0
 1083 0012 00       		.byte	0
 1084 0013 02       		.uleb128 0x2
 1085 0014 24       		.uleb128 0x24
 1086 0015 00       		.byte	0
 1087 0016 0B       		.uleb128 0xb
 1088 0017 0B       		.uleb128 0xb
 1089 0018 3E       		.uleb128 0x3e
 1090 0019 0B       		.uleb128 0xb
 1091 001a 03       		.uleb128 0x3
 1092 001b 0E       		.uleb128 0xe
 1093 001c 00       		.byte	0
 1094 001d 00       		.byte	0
 1095 001e 03       		.uleb128 0x3
 1096 001f 16       		.uleb128 0x16
 1097 0020 00       		.byte	0
 1098 0021 03       		.uleb128 0x3
 1099 0022 0E       		.uleb128 0xe
 1100 0023 3A       		.uleb128 0x3a
 1101 0024 0B       		.uleb128 0xb
 1102 0025 3B       		.uleb128 0x3b
 1103 0026 0B       		.uleb128 0xb
 1104 0027 49       		.uleb128 0x49
 1105 0028 13       		.uleb128 0x13
 1106 0029 00       		.byte	0
 1107 002a 00       		.byte	0
 1108 002b 04       		.uleb128 0x4
 1109 002c 24       		.uleb128 0x24
 1110 002d 00       		.byte	0
 1111 002e 0B       		.uleb128 0xb
 1112 002f 0B       		.uleb128 0xb
 1113 0030 3E       		.uleb128 0x3e
 1114 0031 0B       		.uleb128 0xb
 1115 0032 03       		.uleb128 0x3
 1116 0033 08       		.uleb128 0x8
 1117 0034 00       		.byte	0
 1118 0035 00       		.byte	0
 1119 0036 05       		.uleb128 0x5
 1120 0037 16       		.uleb128 0x16
 1121 0038 00       		.byte	0
 1122 0039 03       		.uleb128 0x3
 1123 003a 0E       		.uleb128 0xe
ARM GAS  C:\Users\TRIPHE~1\AppData\Local\Temp\ccYiZbQ8.s 			page 23


 1124 003b 3A       		.uleb128 0x3a
 1125 003c 0B       		.uleb128 0xb
 1126 003d 3B       		.uleb128 0x3b
 1127 003e 05       		.uleb128 0x5
 1128 003f 49       		.uleb128 0x49
 1129 0040 13       		.uleb128 0x13
 1130 0041 00       		.byte	0
 1131 0042 00       		.byte	0
 1132 0043 06       		.uleb128 0x6
 1133 0044 13       		.uleb128 0x13
 1134 0045 01       		.byte	0x1
 1135 0046 03       		.uleb128 0x3
 1136 0047 0E       		.uleb128 0xe
 1137 0048 0B       		.uleb128 0xb
 1138 0049 0B       		.uleb128 0xb
 1139 004a 3A       		.uleb128 0x3a
 1140 004b 0B       		.uleb128 0xb
 1141 004c 3B       		.uleb128 0x3b
 1142 004d 0B       		.uleb128 0xb
 1143 004e 01       		.uleb128 0x1
 1144 004f 13       		.uleb128 0x13
 1145 0050 00       		.byte	0
 1146 0051 00       		.byte	0
 1147 0052 07       		.uleb128 0x7
 1148 0053 0D       		.uleb128 0xd
 1149 0054 00       		.byte	0
 1150 0055 03       		.uleb128 0x3
 1151 0056 08       		.uleb128 0x8
 1152 0057 3A       		.uleb128 0x3a
 1153 0058 0B       		.uleb128 0xb
 1154 0059 3B       		.uleb128 0x3b
 1155 005a 0B       		.uleb128 0xb
 1156 005b 49       		.uleb128 0x49
 1157 005c 13       		.uleb128 0x13
 1158 005d 38       		.uleb128 0x38
 1159 005e 0B       		.uleb128 0xb
 1160 005f 00       		.byte	0
 1161 0060 00       		.byte	0
 1162 0061 08       		.uleb128 0x8
 1163 0062 2E       		.uleb128 0x2e
 1164 0063 01       		.byte	0x1
 1165 0064 3F       		.uleb128 0x3f
 1166 0065 19       		.uleb128 0x19
 1167 0066 03       		.uleb128 0x3
 1168 0067 0E       		.uleb128 0xe
 1169 0068 3A       		.uleb128 0x3a
 1170 0069 0B       		.uleb128 0xb
 1171 006a 3B       		.uleb128 0x3b
 1172 006b 0B       		.uleb128 0xb
 1173 006c 27       		.uleb128 0x27
 1174 006d 19       		.uleb128 0x19
 1175 006e 11       		.uleb128 0x11
 1176 006f 01       		.uleb128 0x1
 1177 0070 12       		.uleb128 0x12
 1178 0071 06       		.uleb128 0x6
 1179 0072 40       		.uleb128 0x40
 1180 0073 18       		.uleb128 0x18
ARM GAS  C:\Users\TRIPHE~1\AppData\Local\Temp\ccYiZbQ8.s 			page 24


 1181 0074 9742     		.uleb128 0x2117
 1182 0076 19       		.uleb128 0x19
 1183 0077 01       		.uleb128 0x1
 1184 0078 13       		.uleb128 0x13
 1185 0079 00       		.byte	0
 1186 007a 00       		.byte	0
 1187 007b 09       		.uleb128 0x9
 1188 007c 34       		.uleb128 0x34
 1189 007d 00       		.byte	0
 1190 007e 03       		.uleb128 0x3
 1191 007f 0E       		.uleb128 0xe
 1192 0080 3A       		.uleb128 0x3a
 1193 0081 0B       		.uleb128 0xb
 1194 0082 3B       		.uleb128 0x3b
 1195 0083 0B       		.uleb128 0xb
 1196 0084 49       		.uleb128 0x49
 1197 0085 13       		.uleb128 0x13
 1198 0086 02       		.uleb128 0x2
 1199 0087 17       		.uleb128 0x17
 1200 0088 00       		.byte	0
 1201 0089 00       		.byte	0
 1202 008a 0A       		.uleb128 0xa
 1203 008b 898201   		.uleb128 0x4109
 1204 008e 00       		.byte	0
 1205 008f 11       		.uleb128 0x11
 1206 0090 01       		.uleb128 0x1
 1207 0091 31       		.uleb128 0x31
 1208 0092 13       		.uleb128 0x13
 1209 0093 00       		.byte	0
 1210 0094 00       		.byte	0
 1211 0095 0B       		.uleb128 0xb
 1212 0096 898201   		.uleb128 0x4109
 1213 0099 01       		.byte	0x1
 1214 009a 11       		.uleb128 0x11
 1215 009b 01       		.uleb128 0x1
 1216 009c 31       		.uleb128 0x31
 1217 009d 13       		.uleb128 0x13
 1218 009e 01       		.uleb128 0x1
 1219 009f 13       		.uleb128 0x13
 1220 00a0 00       		.byte	0
 1221 00a1 00       		.byte	0
 1222 00a2 0C       		.uleb128 0xc
 1223 00a3 8A8201   		.uleb128 0x410a
 1224 00a6 00       		.byte	0
 1225 00a7 02       		.uleb128 0x2
 1226 00a8 18       		.uleb128 0x18
 1227 00a9 9142     		.uleb128 0x2111
 1228 00ab 18       		.uleb128 0x18
 1229 00ac 00       		.byte	0
 1230 00ad 00       		.byte	0
 1231 00ae 0D       		.uleb128 0xd
 1232 00af 898201   		.uleb128 0x4109
 1233 00b2 01       		.byte	0x1
 1234 00b3 11       		.uleb128 0x11
 1235 00b4 01       		.uleb128 0x1
 1236 00b5 31       		.uleb128 0x31
 1237 00b6 13       		.uleb128 0x13
ARM GAS  C:\Users\TRIPHE~1\AppData\Local\Temp\ccYiZbQ8.s 			page 25


 1238 00b7 00       		.byte	0
 1239 00b8 00       		.byte	0
 1240 00b9 0E       		.uleb128 0xe
 1241 00ba 05       		.uleb128 0x5
 1242 00bb 00       		.byte	0
 1243 00bc 03       		.uleb128 0x3
 1244 00bd 0E       		.uleb128 0xe
 1245 00be 3A       		.uleb128 0x3a
 1246 00bf 0B       		.uleb128 0xb
 1247 00c0 3B       		.uleb128 0x3b
 1248 00c1 0B       		.uleb128 0xb
 1249 00c2 49       		.uleb128 0x49
 1250 00c3 13       		.uleb128 0x13
 1251 00c4 02       		.uleb128 0x2
 1252 00c5 17       		.uleb128 0x17
 1253 00c6 00       		.byte	0
 1254 00c7 00       		.byte	0
 1255 00c8 0F       		.uleb128 0xf
 1256 00c9 0F       		.uleb128 0xf
 1257 00ca 00       		.byte	0
 1258 00cb 0B       		.uleb128 0xb
 1259 00cc 0B       		.uleb128 0xb
 1260 00cd 49       		.uleb128 0x49
 1261 00ce 13       		.uleb128 0x13
 1262 00cf 00       		.byte	0
 1263 00d0 00       		.byte	0
 1264 00d1 10       		.uleb128 0x10
 1265 00d2 05       		.uleb128 0x5
 1266 00d3 00       		.byte	0
 1267 00d4 03       		.uleb128 0x3
 1268 00d5 0E       		.uleb128 0xe
 1269 00d6 3A       		.uleb128 0x3a
 1270 00d7 0B       		.uleb128 0xb
 1271 00d8 3B       		.uleb128 0x3b
 1272 00d9 0B       		.uleb128 0xb
 1273 00da 49       		.uleb128 0x49
 1274 00db 13       		.uleb128 0x13
 1275 00dc 02       		.uleb128 0x2
 1276 00dd 18       		.uleb128 0x18
 1277 00de 00       		.byte	0
 1278 00df 00       		.byte	0
 1279 00e0 11       		.uleb128 0x11
 1280 00e1 05       		.uleb128 0x5
 1281 00e2 00       		.byte	0
 1282 00e3 03       		.uleb128 0x3
 1283 00e4 08       		.uleb128 0x8
 1284 00e5 3A       		.uleb128 0x3a
 1285 00e6 0B       		.uleb128 0xb
 1286 00e7 3B       		.uleb128 0x3b
 1287 00e8 0B       		.uleb128 0xb
 1288 00e9 49       		.uleb128 0x49
 1289 00ea 13       		.uleb128 0x13
 1290 00eb 02       		.uleb128 0x2
 1291 00ec 18       		.uleb128 0x18
 1292 00ed 00       		.byte	0
 1293 00ee 00       		.byte	0
 1294 00ef 12       		.uleb128 0x12
ARM GAS  C:\Users\TRIPHE~1\AppData\Local\Temp\ccYiZbQ8.s 			page 26


 1295 00f0 34       		.uleb128 0x34
 1296 00f1 00       		.byte	0
 1297 00f2 03       		.uleb128 0x3
 1298 00f3 0E       		.uleb128 0xe
 1299 00f4 3A       		.uleb128 0x3a
 1300 00f5 0B       		.uleb128 0xb
 1301 00f6 3B       		.uleb128 0x3b
 1302 00f7 0B       		.uleb128 0xb
 1303 00f8 49       		.uleb128 0x49
 1304 00f9 13       		.uleb128 0x13
 1305 00fa 02       		.uleb128 0x2
 1306 00fb 18       		.uleb128 0x18
 1307 00fc 00       		.byte	0
 1308 00fd 00       		.byte	0
 1309 00fe 13       		.uleb128 0x13
 1310 00ff 35       		.uleb128 0x35
 1311 0100 00       		.byte	0
 1312 0101 49       		.uleb128 0x49
 1313 0102 13       		.uleb128 0x13
 1314 0103 00       		.byte	0
 1315 0104 00       		.byte	0
 1316 0105 14       		.uleb128 0x14
 1317 0106 34       		.uleb128 0x34
 1318 0107 00       		.byte	0
 1319 0108 03       		.uleb128 0x3
 1320 0109 0E       		.uleb128 0xe
 1321 010a 3A       		.uleb128 0x3a
 1322 010b 0B       		.uleb128 0xb
 1323 010c 3B       		.uleb128 0x3b
 1324 010d 05       		.uleb128 0x5
 1325 010e 49       		.uleb128 0x49
 1326 010f 13       		.uleb128 0x13
 1327 0110 3F       		.uleb128 0x3f
 1328 0111 19       		.uleb128 0x19
 1329 0112 3C       		.uleb128 0x3c
 1330 0113 19       		.uleb128 0x19
 1331 0114 00       		.byte	0
 1332 0115 00       		.byte	0
 1333 0116 15       		.uleb128 0x15
 1334 0117 2E       		.uleb128 0x2e
 1335 0118 00       		.byte	0
 1336 0119 3F       		.uleb128 0x3f
 1337 011a 19       		.uleb128 0x19
 1338 011b 03       		.uleb128 0x3
 1339 011c 0E       		.uleb128 0xe
 1340 011d 3A       		.uleb128 0x3a
 1341 011e 0B       		.uleb128 0xb
 1342 011f 3B       		.uleb128 0x3b
 1343 0120 0B       		.uleb128 0xb
 1344 0121 27       		.uleb128 0x27
 1345 0122 19       		.uleb128 0x19
 1346 0123 49       		.uleb128 0x49
 1347 0124 13       		.uleb128 0x13
 1348 0125 3C       		.uleb128 0x3c
 1349 0126 19       		.uleb128 0x19
 1350 0127 00       		.byte	0
 1351 0128 00       		.byte	0
ARM GAS  C:\Users\TRIPHE~1\AppData\Local\Temp\ccYiZbQ8.s 			page 27


 1352 0129 16       		.uleb128 0x16
 1353 012a 2E       		.uleb128 0x2e
 1354 012b 01       		.byte	0x1
 1355 012c 3F       		.uleb128 0x3f
 1356 012d 19       		.uleb128 0x19
 1357 012e 03       		.uleb128 0x3
 1358 012f 0E       		.uleb128 0xe
 1359 0130 3A       		.uleb128 0x3a
 1360 0131 0B       		.uleb128 0xb
 1361 0132 3B       		.uleb128 0x3b
 1362 0133 0B       		.uleb128 0xb
 1363 0134 27       		.uleb128 0x27
 1364 0135 19       		.uleb128 0x19
 1365 0136 3C       		.uleb128 0x3c
 1366 0137 19       		.uleb128 0x19
 1367 0138 01       		.uleb128 0x1
 1368 0139 13       		.uleb128 0x13
 1369 013a 00       		.byte	0
 1370 013b 00       		.byte	0
 1371 013c 17       		.uleb128 0x17
 1372 013d 05       		.uleb128 0x5
 1373 013e 00       		.byte	0
 1374 013f 49       		.uleb128 0x49
 1375 0140 13       		.uleb128 0x13
 1376 0141 00       		.byte	0
 1377 0142 00       		.byte	0
 1378 0143 18       		.uleb128 0x18
 1379 0144 2E       		.uleb128 0x2e
 1380 0145 00       		.byte	0
 1381 0146 3F       		.uleb128 0x3f
 1382 0147 19       		.uleb128 0x19
 1383 0148 03       		.uleb128 0x3
 1384 0149 0E       		.uleb128 0xe
 1385 014a 3A       		.uleb128 0x3a
 1386 014b 0B       		.uleb128 0xb
 1387 014c 3B       		.uleb128 0x3b
 1388 014d 0B       		.uleb128 0xb
 1389 014e 27       		.uleb128 0x27
 1390 014f 19       		.uleb128 0x19
 1391 0150 3C       		.uleb128 0x3c
 1392 0151 19       		.uleb128 0x19
 1393 0152 00       		.byte	0
 1394 0153 00       		.byte	0
 1395 0154 00       		.byte	0
 1396              		.section	.debug_loc,"",%progbits
 1397              	.Ldebug_loc0:
 1398              	.LLST0:
 1399 0000 08000000 		.4byte	.LVL1
 1400 0004 26000000 		.4byte	.LVL9
 1401 0008 0600     		.2byte	0x6
 1402 000a 74       		.byte	0x74
 1403 000b 00       		.sleb128 0
 1404 000c 08       		.byte	0x8
 1405 000d FF       		.byte	0xff
 1406 000e 1A       		.byte	0x1a
 1407 000f 9F       		.byte	0x9f
 1408 0010 34000000 		.4byte	.LVL11
ARM GAS  C:\Users\TRIPHE~1\AppData\Local\Temp\ccYiZbQ8.s 			page 28


 1409 0014 3C000000 		.4byte	.LVL13
 1410 0018 0600     		.2byte	0x6
 1411 001a 74       		.byte	0x74
 1412 001b 00       		.sleb128 0
 1413 001c 08       		.byte	0x8
 1414 001d FF       		.byte	0xff
 1415 001e 1A       		.byte	0x1a
 1416 001f 9F       		.byte	0x9f
 1417 0020 00000000 		.4byte	0
 1418 0024 00000000 		.4byte	0
 1419              	.LLST1:
 1420 0028 0E000000 		.4byte	.LVL3
 1421 002c F2000000 		.4byte	.LVL36
 1422 0030 0600     		.2byte	0x6
 1423 0032 77       		.byte	0x77
 1424 0033 00       		.sleb128 0
 1425 0034 08       		.byte	0x8
 1426 0035 FF       		.byte	0xff
 1427 0036 1A       		.byte	0x1a
 1428 0037 9F       		.byte	0x9f
 1429 0038 00000000 		.4byte	0
 1430 003c 00000000 		.4byte	0
 1431              	.LLST2:
 1432 0040 14000000 		.4byte	.LVL5
 1433 0044 F2000000 		.4byte	.LVL36
 1434 0048 0600     		.2byte	0x6
 1435 004a 76       		.byte	0x76
 1436 004b 00       		.sleb128 0
 1437 004c 08       		.byte	0x8
 1438 004d FF       		.byte	0xff
 1439 004e 1A       		.byte	0x1a
 1440 004f 9F       		.byte	0x9f
 1441 0050 00000000 		.4byte	0
 1442 0054 00000000 		.4byte	0
 1443              	.LLST3:
 1444 0058 1A000000 		.4byte	.LVL7
 1445 005c F2000000 		.4byte	.LVL36
 1446 0060 0600     		.2byte	0x6
 1447 0062 75       		.byte	0x75
 1448 0063 00       		.sleb128 0
 1449 0064 08       		.byte	0x8
 1450 0065 FF       		.byte	0xff
 1451 0066 1A       		.byte	0x1a
 1452 0067 9F       		.byte	0x9f
 1453 0068 00000000 		.4byte	0
 1454 006c 00000000 		.4byte	0
 1455              	.LLST4:
 1456 0070 00000000 		.4byte	.LVL41
 1457 0074 06000000 		.4byte	.LVL42
 1458 0078 0100     		.2byte	0x1
 1459 007a 50       		.byte	0x50
 1460 007b 06000000 		.4byte	.LVL42
 1461 007f 10000000 		.4byte	.LFE65
 1462 0083 0100     		.2byte	0x1
 1463 0085 52       		.byte	0x52
 1464 0086 00000000 		.4byte	0
 1465 008a 00000000 		.4byte	0
ARM GAS  C:\Users\TRIPHE~1\AppData\Local\Temp\ccYiZbQ8.s 			page 29


 1466              		.section	.debug_aranges,"",%progbits
 1467 0000 3C000000 		.4byte	0x3c
 1468 0004 0200     		.2byte	0x2
 1469 0006 00000000 		.4byte	.Ldebug_info0
 1470 000a 04       		.byte	0x4
 1471 000b 00       		.byte	0
 1472 000c 0000     		.2byte	0
 1473 000e 0000     		.2byte	0
 1474 0010 00000000 		.4byte	.LFB63
 1475 0014 F8000000 		.4byte	.LFE63-.LFB63
 1476 0018 00000000 		.4byte	.LFB64
 1477 001c 14000000 		.4byte	.LFE64-.LFB64
 1478 0020 00000000 		.4byte	.LFB65
 1479 0024 10000000 		.4byte	.LFE65-.LFB65
 1480 0028 00000000 		.4byte	.LFB66
 1481 002c 6C000000 		.4byte	.LFE66-.LFB66
 1482 0030 00000000 		.4byte	.LFB67
 1483 0034 18000000 		.4byte	.LFE67-.LFB67
 1484 0038 00000000 		.4byte	0
 1485 003c 00000000 		.4byte	0
 1486              		.section	.debug_ranges,"",%progbits
 1487              	.Ldebug_ranges0:
 1488 0000 00000000 		.4byte	.LFB63
 1489 0004 F8000000 		.4byte	.LFE63
 1490 0008 00000000 		.4byte	.LFB64
 1491 000c 14000000 		.4byte	.LFE64
 1492 0010 00000000 		.4byte	.LFB65
 1493 0014 10000000 		.4byte	.LFE65
 1494 0018 00000000 		.4byte	.LFB66
 1495 001c 6C000000 		.4byte	.LFE66
 1496 0020 00000000 		.4byte	.LFB67
 1497 0024 18000000 		.4byte	.LFE67
 1498 0028 00000000 		.4byte	0
 1499 002c 00000000 		.4byte	0
 1500              		.section	.debug_line,"",%progbits
 1501              	.Ldebug_line0:
 1502 0000 56020000 		.section	.debug_str,"MS",%progbits,1
 1502      0200CE01 
 1502      00000201 
 1502      FB0E0D00 
 1502      01010101 
 1503              	.LASF57:
 1504 0000 54696D65 		.ascii	"Timer_R3_Start\000"
 1504      725F5233 
 1504      5F537461 
 1504      727400
 1505              	.LASF52:
 1506 000f 4C335F57 		.ascii	"L3_Write\000"
 1506      72697465 
 1506      00
 1507              	.LASF38:
 1508 0018 54696D65 		.ascii	"Timer_L1_ReadStatusRegister\000"
 1508      725F4C31 
 1508      5F526561 
 1508      64537461 
 1508      74757352 
 1509              	.LASF2:
ARM GAS  C:\Users\TRIPHE~1\AppData\Local\Temp\ccYiZbQ8.s 			page 30


 1510 0034 73686F72 		.ascii	"short int\000"
 1510      7420696E 
 1510      7400
 1511              	.LASF20:
 1512 003e 73697A65 		.ascii	"sizetype\000"
 1512      74797065 
 1512      00
 1513              	.LASF32:
 1514 0047 73656E73 		.ascii	"sensors\000"
 1514      6F727300 
 1515              	.LASF9:
 1516 004f 6C6F6E67 		.ascii	"long long int\000"
 1516      206C6F6E 
 1516      6720696E 
 1516      7400
 1517              	.LASF7:
 1518 005d 5F5F7569 		.ascii	"__uint32_t\000"
 1518      6E743332 
 1518      5F7400
 1519              	.LASF51:
 1520 0068 4C335F53 		.ascii	"L3_SetDriveMode\000"
 1520      65744472 
 1520      6976654D 
 1520      6F646500 
 1521              	.LASF4:
 1522 0078 5F5F7569 		.ascii	"__uint16_t\000"
 1522      6E743136 
 1522      5F7400
 1523              	.LASF16:
 1524 0083 75696E74 		.ascii	"uint16\000"
 1524      313600
 1525              	.LASF21:
 1526 008a 73746174 		.ascii	"statusR1\000"
 1526      75735231 
 1526      00
 1527              	.LASF15:
 1528 0093 75696E74 		.ascii	"uint8\000"
 1528      3800
 1529              	.LASF22:
 1530 0099 73746174 		.ascii	"statusR3\000"
 1530      75735233 
 1530      00
 1531              	.LASF40:
 1532 00a2 54696D65 		.ascii	"Timer_R1_ReadCapture\000"
 1532      725F5231 
 1532      5F526561 
 1532      64436170 
 1532      74757265 
 1533              	.LASF26:
 1534 00b7 7265666C 		.ascii	"reflectance_start\000"
 1534      65637461 
 1534      6E63655F 
 1534      73746172 
 1534      7400
 1535              	.LASF17:
 1536 00c9 666C6F61 		.ascii	"float\000"
 1536      7400
ARM GAS  C:\Users\TRIPHE~1\AppData\Local\Temp\ccYiZbQ8.s 			page 31


 1537              	.LASF49:
 1538 00cf 52335F53 		.ascii	"R3_SetDriveMode\000"
 1538      65744472 
 1538      6976654D 
 1538      6F646500 
 1539              	.LASF35:
 1540 00df 54696D65 		.ascii	"Timer_R1_ReadStatusRegister\000"
 1540      725F5231 
 1540      5F526561 
 1540      64537461 
 1540      74757352 
 1541              	.LASF28:
 1542 00fb 7265666C 		.ascii	"reflectance_digital\000"
 1542      65637461 
 1542      6E63655F 
 1542      64696769 
 1542      74616C00 
 1543              	.LASF34:
 1544 010f 74687265 		.ascii	"threshold\000"
 1544      73686F6C 
 1544      6400
 1545              	.LASF19:
 1546 0119 63686172 		.ascii	"char\000"
 1546      00
 1547              	.LASF41:
 1548 011e 54696D65 		.ascii	"Timer_R3_ReadPeriod\000"
 1548      725F5233 
 1548      5F526561 
 1548      64506572 
 1548      696F6400 
 1549              	.LASF6:
 1550 0132 6C6F6E67 		.ascii	"long int\000"
 1550      20696E74 
 1550      00
 1551              	.LASF29:
 1552 013b 76616C75 		.ascii	"values\000"
 1552      657300
 1553              	.LASF59:
 1554 0142 54696D65 		.ascii	"Timer_L1_Start\000"
 1554      725F4C31 
 1554      5F537461 
 1554      727400
 1555              	.LASF53:
 1556 0151 4C315F53 		.ascii	"L1_SetDriveMode\000"
 1556      65744472 
 1556      6976654D 
 1556      6F646500 
 1557              	.LASF55:
 1558 0161 43794465 		.ascii	"CyDelayUs\000"
 1558      6C617955 
 1558      7300
 1559              	.LASF1:
 1560 016b 756E7369 		.ascii	"unsigned char\000"
 1560      676E6564 
 1560      20636861 
 1560      7200
 1561              	.LASF47:
ARM GAS  C:\Users\TRIPHE~1\AppData\Local\Temp\ccYiZbQ8.s 			page 32


 1562 0179 52315F53 		.ascii	"R1_SetDriveMode\000"
 1562      65744472 
 1562      6976654D 
 1562      6F646500 
 1563              	.LASF31:
 1564 0189 7265666C 		.ascii	"reflectance_set_threshold\000"
 1564      65637461 
 1564      6E63655F 
 1564      7365745F 
 1564      74687265 
 1565              	.LASF0:
 1566 01a3 7369676E 		.ascii	"signed char\000"
 1566      65642063 
 1566      68617200 
 1567              	.LASF10:
 1568 01af 6C6F6E67 		.ascii	"long long unsigned int\000"
 1568      206C6F6E 
 1568      6720756E 
 1568      7369676E 
 1568      65642069 
 1569              	.LASF14:
 1570 01c6 75696E74 		.ascii	"uint32_t\000"
 1570      33325F74 
 1570      00
 1571              	.LASF11:
 1572 01cf 756E7369 		.ascii	"unsigned int\000"
 1572      676E6564 
 1572      20696E74 
 1572      00
 1573              	.LASF12:
 1574 01dc 75696E74 		.ascii	"uint16_t\000"
 1574      31365F74 
 1574      00
 1575              	.LASF48:
 1576 01e5 52315F57 		.ascii	"R1_Write\000"
 1576      72697465 
 1576      00
 1577              	.LASF3:
 1578 01ee 73686F72 		.ascii	"short unsigned int\000"
 1578      7420756E 
 1578      7369676E 
 1578      65642069 
 1578      6E7400
 1579              	.LASF46:
 1580 0201 54696D65 		.ascii	"Timer_L1_ReadCapture\000"
 1580      725F4C31 
 1580      5F526561 
 1580      64436170 
 1580      74757265 
 1581              	.LASF33:
 1582 0216 64696769 		.ascii	"digital_sensor_value\000"
 1582      74616C5F 
 1582      73656E73 
 1582      6F725F76 
 1582      616C7565 
 1583              	.LASF50:
 1584 022b 52335F57 		.ascii	"R3_Write\000"
ARM GAS  C:\Users\TRIPHE~1\AppData\Local\Temp\ccYiZbQ8.s 			page 33


 1584      72697465 
 1584      00
 1585              	.LASF23:
 1586 0234 73746174 		.ascii	"statusL3\000"
 1586      75734C33 
 1586      00
 1587              	.LASF13:
 1588 023d 696E7433 		.ascii	"int32_t\000"
 1588      325F7400 
 1589              	.LASF44:
 1590 0245 54696D65 		.ascii	"Timer_L3_ReadCapture\000"
 1590      725F4C33 
 1590      5F526561 
 1590      64436170 
 1590      74757265 
 1591              	.LASF45:
 1592 025a 54696D65 		.ascii	"Timer_L1_ReadPeriod\000"
 1592      725F4C31 
 1592      5F526561 
 1592      64506572 
 1592      696F6400 
 1593              	.LASF58:
 1594 026e 54696D65 		.ascii	"Timer_L3_Start\000"
 1594      725F4C33 
 1594      5F537461 
 1594      727400
 1595              	.LASF63:
 1596 027d 73656E73 		.ascii	"sensors_\000"
 1596      6F72735F 
 1596      00
 1597              	.LASF36:
 1598 0286 54696D65 		.ascii	"Timer_R3_ReadStatusRegister\000"
 1598      725F5233 
 1598      5F526561 
 1598      64537461 
 1598      74757352 
 1599              	.LASF8:
 1600 02a2 6C6F6E67 		.ascii	"long unsigned int\000"
 1600      20756E73 
 1600      69676E65 
 1600      6420696E 
 1600      7400
 1601              	.LASF43:
 1602 02b4 54696D65 		.ascii	"Timer_L3_ReadPeriod\000"
 1602      725F4C33 
 1602      5F526561 
 1602      64506572 
 1602      696F6400 
 1603              	.LASF24:
 1604 02c8 73746174 		.ascii	"statusL1\000"
 1604      75734C31 
 1604      00
 1605              	.LASF30:
 1606 02d1 64696769 		.ascii	"digital\000"
 1606      74616C00 
 1607              	.LASF39:
 1608 02d9 54696D65 		.ascii	"Timer_R1_ReadPeriod\000"
ARM GAS  C:\Users\TRIPHE~1\AppData\Local\Temp\ccYiZbQ8.s 			page 34


 1608      725F5231 
 1608      5F526561 
 1608      64506572 
 1608      696F6400 
 1609              	.LASF42:
 1610 02ed 54696D65 		.ascii	"Timer_R3_ReadCapture\000"
 1610      725F5233 
 1610      5F526561 
 1610      64436170 
 1610      74757265 
 1611              	.LASF62:
 1612 0302 453A5C41 		.ascii	"E:\\Ardibot\\Zumo.release03\\Zumo01\\ZumoBot.cydsn\000"
 1612      72646962 
 1612      6F745C5A 
 1612      756D6F2E 
 1612      72656C65 
 1613              	.LASF5:
 1614 0331 5F5F696E 		.ascii	"__int32_t\000"
 1614      7433325F 
 1614      7400
 1615              	.LASF25:
 1616 033b 73656E73 		.ascii	"sensor_isr_handler\000"
 1616      6F725F69 
 1616      73725F68 
 1616      616E646C 
 1616      657200
 1617              	.LASF60:
 1618 034e 474E5520 		.ascii	"GNU C 4.9.3 20150303 (release) [ARM/embedded-4_9-br"
 1618      4320342E 
 1618      392E3320 
 1618      32303135 
 1618      30333033 
 1619 0381 616E6368 		.ascii	"anch revision 221220] -mcpu=cortex-m3 -mthumb -g -O"
 1619      20726576 
 1619      6973696F 
 1619      6E203232 
 1619      31323230 
 1620 03b4 67202D66 		.ascii	"g -ffunction-sections -ffat-lto-objects\000"
 1620      66756E63 
 1620      74696F6E 
 1620      2D736563 
 1620      74696F6E 
 1621              	.LASF18:
 1622 03dc 646F7562 		.ascii	"double\000"
 1622      6C6500
 1623              	.LASF64:
 1624 03e3 49544D5F 		.ascii	"ITM_RxBuffer\000"
 1624      52784275 
 1624      66666572 
 1624      00
 1625              	.LASF37:
 1626 03f0 54696D65 		.ascii	"Timer_L3_ReadStatusRegister\000"
 1626      725F4C33 
 1626      5F526561 
 1626      64537461 
 1626      74757352 
 1627              	.LASF61:
ARM GAS  C:\Users\TRIPHE~1\AppData\Local\Temp\ccYiZbQ8.s 			page 35


 1628 040c 5A756D6F 		.ascii	"ZumoLibrary\\Reflectance.c\000"
 1628      4C696272 
 1628      6172795C 
 1628      5265666C 
 1628      65637461 
 1629              	.LASF27:
 1630 0426 7265666C 		.ascii	"reflectance_read\000"
 1630      65637461 
 1630      6E63655F 
 1630      72656164 
 1630      00
 1631              	.LASF56:
 1632 0437 54696D65 		.ascii	"Timer_R1_Start\000"
 1632      725F5231 
 1632      5F537461 
 1632      727400
 1633              	.LASF54:
 1634 0446 4C315F57 		.ascii	"L1_Write\000"
 1634      72697465 
 1634      00
 1635              		.ident	"GCC: (GNU Tools for ARM Embedded Processors) 4.9.3 20150303 (release) [ARM/embedded-4_9-br
